# JRE version: Java(TM) SE Runtime Environment (15.0.2+7) (build 15.0.2+7-27)
# Java VM: Java HotSpot(TM) 64-Bit Server VM (15.0.2+7-27, mixed mode, sharing, tiered, compressed oops, g1 gc, windows-amd64)
GC Precious Log:
 CPUs: 8 total, 8 available
 Memory: 8062M
 Large Page Support: Disabled
 NUMA Support: Disabled
 Compressed Oops: Enabled (32-bit)
 Heap Region Size: 1M
 Heap Min Capacity: 8M
 Heap Initial Capacity: 126M
 Heap Max Capacity: 2016M
 Pre-touch: Disabled
 Parallel Workers: 8
 Concurrent Workers: 2
 Concurrent Refinement Workers: 8
 Periodic GC: Disabled
Heap:
 garbage-first heap   total 73728K, used 35955K [0x0000000082000000, 0x0000000100000000)
  region size 1024K, 3 young (3072K), 2 survivors (2048K)
 Metaspace       used 44533K, capacity 44880K, committed 45052K, reserved 1089536K
  class space    used 4916K, capacity 5022K, committed 5116K, reserved 1048576K
GC Heap History (20 events):
Event: 67.683 GC heap before
{Heap before GC invocations=26 (full 0):
 garbage-first heap   total 63488K, used 36126K [0x0000000082000000, 0x0000000100000000)
  region size 1024K, 3 young (3072K), 1 survivors (1024K)
 Metaspace       used 44153K, capacity 44496K, committed 44796K, reserved 1089536K
  class space    used 4903K, capacity 5022K, committed 5116K, reserved 1048576K
}
Event: 67.685 GC heap after
{Heap after GC invocations=27 (full 0):
 garbage-first heap   total 63488K, used 31003K [0x0000000082000000, 0x0000000100000000)
  region size 1024K, 1 young (1024K), 1 survivors (1024K)
 Metaspace       used 44153K, capacity 44496K, committed 44796K, reserved 1089536K
  class space    used 4903K, capacity 5022K, committed 5116K, reserved 1048576K
}
Event: 572.686 GC heap before
{Heap before GC invocations=28 (full 0):
 garbage-first heap   total 63488K, used 41243K [0x0000000082000000, 0x0000000100000000)
  region size 1024K, 6 young (6144K), 1 survivors (1024K)
 Metaspace       used 44217K, capacity 44560K, committed 44796K, reserved 1089536K
  class space    used 4903K, capacity 5022K, committed 5116K, reserved 1048576K
}
Event: 572.687 GC heap after
{Heap after GC invocations=29 (full 0):
 garbage-first heap   total 63488K, used 34203K [0x0000000082000000, 0x0000000100000000)
  region size 1024K, 1 young (1024K), 1 survivors (1024K)
 Metaspace       used 44217K, capacity 44560K, committed 44796K, reserved 1089536K
  class space    used 4903K, capacity 5022K, committed 5116K, reserved 1048576K
}
Event: 572.998 GC heap before
{Heap before GC invocations=30 (full 0):
 garbage-first heap   total 68608K, used 41371K [0x0000000082000000, 0x0000000100000000)
  region size 1024K, 7 young (7168K), 1 survivors (1024K)
 Metaspace       used 44217K, capacity 44560K, committed 44796K, reserved 1089536K
  class space    used 4903K, capacity 5022K, committed 5116K, reserved 1048576K
}
Event: 573.000 GC heap after
{Heap after GC invocations=31 (full 0):
 garbage-first heap   total 68608K, used 30895K [0x0000000082000000, 0x0000000100000000)
  region size 1024K, 2 young (2048K), 2 survivors (2048K)
 Metaspace       used 44217K, capacity 44560K, committed 44796K, reserved 1089536K
  class space    used 4903K, capacity 5022K, committed 5116K, reserved 1048576K
}
Event: 573.386 GC heap before
{Heap before GC invocations=32 (full 0):
 garbage-first heap   total 68608K, used 37039K [0x0000000082000000, 0x0000000100000000)
  region size 1024K, 8 young (8192K), 2 survivors (2048K)
 Metaspace       used 44217K, capacity 44560K, committed 44796K, reserved 1089536K
  class space    used 4903K, capacity 5022K, committed 5116K, reserved 1048576K
}
Event: 573.387 GC heap after
{Heap after GC invocations=33 (full 0):
 garbage-first heap   total 68608K, used 27614K [0x0000000082000000, 0x0000000100000000)
  region size 1024K, 2 young (2048K), 2 survivors (2048K)
 Metaspace       used 44217K, capacity 44560K, committed 44796K, reserved 1089536K
  class space    used 4903K, capacity 5022K, committed 5116K, reserved 1048576K
}
Event: 574.103 GC heap before
{Heap before GC invocations=34 (full 0):
 garbage-first heap   total 68608K, used 39902K [0x0000000082000000, 0x0000000100000000)
  region size 1024K, 13 young (13312K), 2 survivors (2048K)
 Metaspace       used 44230K, capacity 44560K, committed 44796K, reserved 1089536K
  class space    used 4903K, capacity 5022K, committed 5116K, reserved 1048576K
}
Event: 574.105 GC heap after
{Heap after GC invocations=35 (full 0):
 garbage-first heap   total 68608K, used 28674K [0x0000000082000000, 0x0000000100000000)
  region size 1024K, 2 young (2048K), 2 survivors (2048K)
 Metaspace       used 44230K, capacity 44560K, committed 44796K, reserved 1089536K
  class space    used 4903K, capacity 5022K, committed 5116K, reserved 1048576K
}
Event: 575.199 GC heap before
{Heap before GC invocations=36 (full 0):
 garbage-first heap   total 68608K, used 50178K [0x0000000082000000, 0x0000000100000000)
  region size 1024K, 21 young (21504K), 2 survivors (2048K)
 Metaspace       used 44493K, capacity 44816K, committed 45052K, reserved 1089536K
  class space    used 4916K, capacity 5022K, committed 5116K, reserved 1048576K
}
Event: 575.201 GC heap after
{Heap after GC invocations=37 (full 0):
 garbage-first heap   total 68608K, used 29779K [0x0000000082000000, 0x0000000100000000)
  region size 1024K, 2 young (2048K), 2 survivors (2048K)
 Metaspace       used 44493K, capacity 44816K, committed 45052K, reserved 1089536K
  class space    used 4916K, capacity 5022K, committed 5116K, reserved 1048576K
}
Event: 577.012 GC heap before
{Heap before GC invocations=38 (full 0):
 garbage-first heap   total 68608K, used 58451K [0x0000000082000000, 0x0000000100000000)
  region size 1024K, 25 young (25600K), 2 survivors (2048K)
 Metaspace       used 44525K, capacity 44880K, committed 45052K, reserved 1089536K
  class space    used 4916K, capacity 5022K, committed 5116K, reserved 1048576K
}
Event: 577.014 GC heap after
{Heap after GC invocations=39 (full 0):
 garbage-first heap   total 68608K, used 32162K [0x0000000082000000, 0x0000000100000000)
  region size 1024K, 2 young (2048K), 2 survivors (2048K)
 Metaspace       used 44525K, capacity 44880K, committed 45052K, reserved 1089536K
  class space    used 4916K, capacity 5022K, committed 5116K, reserved 1048576K
}
Event: 577.746 GC heap before
{Heap before GC invocations=39 (full 0):
 garbage-first heap   total 68608K, used 42402K [0x0000000082000000, 0x0000000100000000)
  region size 1024K, 13 young (13312K), 2 survivors (2048K)
 Metaspace       used 44525K, capacity 44880K, committed 45052K, reserved 1089536K
  class space    used 4916K, capacity 5022K, committed 5116K, reserved 1048576K
}
Event: 577.748 GC heap after
{Heap after GC invocations=40 (full 0):
 garbage-first heap   total 68608K, used 31839K [0x0000000082000000, 0x0000000100000000)
  region size 1024K, 2 young (2048K), 2 survivors (2048K)
 Metaspace       used 44525K, capacity 44880K, committed 45052K, reserved 1089536K
  class space    used 4916K, capacity 5022K, committed 5116K, reserved 1048576K
}
Event: 579.381 GC heap before
{Heap before GC invocations=41 (full 0):
 garbage-first heap   total 73728K, used 63583K [0x0000000082000000, 0x0000000100000000)
  region size 1024K, 24 young (24576K), 2 survivors (2048K)
 Metaspace       used 44530K, capacity 44880K, committed 45052K, reserved 1089536K
  class space    used 4916K, capacity 5022K, committed 5116K, reserved 1048576K
}
Event: 579.383 GC heap after
{Heap after GC invocations=42 (full 0):
 garbage-first heap   total 73728K, used 36301K [0x0000000082000000, 0x0000000100000000)
  region size 1024K, 2 young (2048K), 2 survivors (2048K)
 Metaspace       used 44530K, capacity 44880K, committed 45052K, reserved 1089536K
  class space    used 4916K, capacity 5022K, committed 5116K, reserved 1048576K
}
Event: 581.111 GC heap before
{Heap before GC invocations=42 (full 0):
 garbage-first heap   total 73728K, used 59853K [0x0000000082000000, 0x0000000100000000)
  region size 1024K, 25 young (25600K), 2 survivors (2048K)
 Metaspace       used 44530K, capacity 44880K, committed 45052K, reserved 1089536K
  class space    used 4916K, capacity 5022K, committed 5116K, reserved 1048576K
}
Event: 581.113 GC heap after
{Heap after GC invocations=43 (full 0):
 garbage-first heap   total 73728K, used 36297K [0x0000000082000000, 0x0000000100000000)
  region size 1024K, 2 young (2048K), 2 survivors (2048K)
 Metaspace       used 44530K, capacity 44880K, committed 45052K, reserved 1089536K
  class space    used 4916K, capacity 5022K, committed 5116K, reserved 1048576K
}

