# JRE version: OpenJDK Runtime Environment AdoptOpenJDK (11.0.8+10) (build 11.0.8+10)
# Java VM: OpenJDK 64-Bit Server VM AdoptOpenJDK (11.0.8+10, mixed mode, tiered, compressed oops, concurrent mark sweep gc, windows-amd64)
Heap:
 par new generation   total 39296K, used 5462K [0x00000000c0000000, 0x00000000c2aa0000, 0x00000000d5550000)
  eden space 34944K,   3% used [0x00000000c0000000, 0x00000000c01159d8, 0x00000000c2220000)
  from space 4352K, 100% used [0x00000000c2660000, 0x00000000c2aa0000, 0x00000000c2aa0000)
  to   space 4352K,   0% used [0x00000000c2220000, 0x00000000c2220000, 0x00000000c2660000)
 concurrent mark-sweep generation total 413536K, used 293642K [0x00000000d5550000, 0x00000000ee928000, 0x0000000100000000)
 Metaspace       used 953164K, capacity 970441K, committed 970940K, reserved 1902592K
  class space    used 118617K, capacity 124230K, committed 124288K, reserved 1048576K
GC Heap History (20 events):
Event: 6691.187 GC heap before
{Heap before GC invocations=515 (full 13):
 par new generation   total 39296K, used 39232K [0x00000000c0000000, 0x00000000c2aa0000, 0x00000000d5550000)
  eden space 34944K,  99% used [0x00000000c0000000, 0x00000000c2210068, 0x00000000c2220000)
  from space 4352K, 100% used [0x00000000c2660000, 0x00000000c2aa0000, 0x00000000c2aa0000)
  to   space 4352K,   0% used [0x00000000c2220000, 0x00000000c2220000, 0x00000000c2660000)
 concurrent mark-sweep generation total 413536K, used 380376K [0x00000000d5550000, 0x00000000ee928000, 0x0000000100000000)
 Metaspace       used 914710K, capacity 931704K, committed 931900K, reserved 1861632K
  class space    used 114188K, capacity 119706K, committed 119808K, reserved 1048576K
}
Event: 6691.191 GC heap after
{Heap after GC invocations=516 (full 13):
 par new generation   total 39296K, used 3525K [0x00000000c0000000, 0x00000000c2aa0000, 0x00000000d5550000)
  eden space 34944K,   0% used [0x00000000c0000000, 0x00000000c0000000, 0x00000000c2220000)
  from space 4352K,  81% used [0x00000000c2220000, 0x00000000c2591678, 0x00000000c2660000)
  to   space 4352K,   0% used [0x00000000c2660000, 0x00000000c2660000, 0x00000000c2aa0000)
 concurrent mark-sweep generation total 413536K, used 383761K [0x00000000d5550000, 0x00000000ee928000, 0x0000000100000000)
 Metaspace       used 914710K, capacity 931704K, committed 931900K, reserved 1861632K
  class space    used 114188K, capacity 119706K, committed 119808K, reserved 1048576K
}
Event: 6692.239 GC heap before
{Heap before GC invocations=516 (full 14):
 par new generation   total 39296K, used 38469K [0x00000000c0000000, 0x00000000c2aa0000, 0x00000000d5550000)
  eden space 34944K, 100% used [0x00000000c0000000, 0x00000000c2220000, 0x00000000c2220000)
  from space 4352K,  81% used [0x00000000c2220000, 0x00000000c2591678, 0x00000000c2660000)
  to   space 4352K,   0% used [0x00000000c2660000, 0x00000000c2660000, 0x00000000c2aa0000)
 concurrent mark-sweep generation total 413536K, used 383761K [0x00000000d5550000, 0x00000000ee928000, 0x0000000100000000)
 Metaspace       used 914710K, capacity 931704K, committed 931900K, reserved 1861632K
  class space    used 114188K, capacity 119706K, committed 119808K, reserved 1048576K
}
Event: 6692.247 GC heap after
{Heap after GC invocations=517 (full 14):
 par new generation   total 39296K, used 1112K [0x00000000c0000000, 0x00000000c2aa0000, 0x00000000d5550000)
  eden space 34944K,   0% used [0x00000000c0000000, 0x00000000c0000000, 0x00000000c2220000)
  from space 4352K,  25% used [0x00000000c2660000, 0x00000000c2776230, 0x00000000c2aa0000)
  to   space 4352K,   0% used [0x00000000c2220000, 0x00000000c2220000, 0x00000000c2660000)
 concurrent mark-sweep generation total 413536K, used 383761K [0x00000000d5550000, 0x00000000ee928000, 0x0000000100000000)
 Metaspace       used 914710K, capacity 931704K, committed 931900K, reserved 1861632K
  class space    used 114188K, capacity 119706K, committed 119808K, reserved 1048576K
}
Event: 6696.125 GC heap before
{Heap before GC invocations=517 (full 14):
 par new generation   total 39296K, used 36056K [0x00000000c0000000, 0x00000000c2aa0000, 0x00000000d5550000)
  eden space 34944K, 100% used [0x00000000c0000000, 0x00000000c2220000, 0x00000000c2220000)
  from space 4352K,  25% used [0x00000000c2660000, 0x00000000c2776230, 0x00000000c2aa0000)
  to   space 4352K,   0% used [0x00000000c2220000, 0x00000000c2220000, 0x00000000c2660000)
 concurrent mark-sweep generation total 413536K, used 279891K [0x00000000d5550000, 0x00000000ee928000, 0x0000000100000000)
 Metaspace       used 914449K, capacity 931287K, committed 931900K, reserved 1861632K
  class space    used 114130K, capacity 119597K, committed 119808K, reserved 1048576K
}
Event: 6696.129 GC heap after
{Heap after GC invocations=518 (full 14):
 par new generation   total 39296K, used 4352K [0x00000000c0000000, 0x00000000c2aa0000, 0x00000000d5550000)
  eden space 34944K,   0% used [0x00000000c0000000, 0x00000000c0000000, 0x00000000c2220000)
  from space 4352K, 100% used [0x00000000c2220000, 0x00000000c2660000, 0x00000000c2660000)
  to   space 4352K,   0% used [0x00000000c2660000, 0x00000000c2660000, 0x00000000c2aa0000)
 concurrent mark-sweep generation total 413536K, used 280175K [0x00000000d5550000, 0x00000000ee928000, 0x0000000100000000)
 Metaspace       used 914449K, capacity 931287K, committed 931900K, reserved 1861632K
  class space    used 114130K, capacity 119597K, committed 119808K, reserved 1048576K
}
Event: 6697.636 GC heap before
{Heap before GC invocations=518 (full 14):
 par new generation   total 39296K, used 39296K [0x00000000c0000000, 0x00000000c2aa0000, 0x00000000d5550000)
  eden space 34944K, 100% used [0x00000000c0000000, 0x00000000c2220000, 0x00000000c2220000)
  from space 4352K, 100% used [0x00000000c2220000, 0x00000000c2660000, 0x00000000c2660000)
  to   space 4352K,   0% used [0x00000000c2660000, 0x00000000c2660000, 0x00000000c2aa0000)
 concurrent mark-sweep generation total 413536K, used 280175K [0x00000000d5550000, 0x00000000ee928000, 0x0000000100000000)
 Metaspace       used 924912K, capacity 941822K, committed 942524K, reserved 1871872K
  class space    used 115317K, capacity 120812K, committed 120960K, reserved 1048576K
}
Event: 6697.641 GC heap after
{Heap after GC invocations=519 (full 14):
 par new generation   total 39296K, used 2650K [0x00000000c0000000, 0x00000000c2aa0000, 0x00000000d5550000)
  eden space 34944K,   0% used [0x00000000c0000000, 0x00000000c0000000, 0x00000000c2220000)
  from space 4352K,  60% used [0x00000000c2660000, 0x00000000c28f6808, 0x00000000c2aa0000)
  to   space 4352K,   0% used [0x00000000c2220000, 0x00000000c2220000, 0x00000000c2660000)
 concurrent mark-sweep generation total 413536K, used 284328K [0x00000000d5550000, 0x00000000ee928000, 0x0000000100000000)
 Metaspace       used 924912K, capacity 941822K, committed 942524K, reserved 1871872K
  class space    used 115317K, capacity 120812K, committed 120960K, reserved 1048576K
}
Event: 6698.394 GC heap before
{Heap before GC invocations=519 (full 14):
 par new generation   total 39296K, used 37566K [0x00000000c0000000, 0x00000000c2aa0000, 0x00000000d5550000)
  eden space 34944K,  99% used [0x00000000c0000000, 0x00000000c22190e0, 0x00000000c2220000)
  from space 4352K,  60% used [0x00000000c2660000, 0x00000000c28f6808, 0x00000000c2aa0000)
  to   space 4352K,   0% used [0x00000000c2220000, 0x00000000c2220000, 0x00000000c2660000)
 concurrent mark-sweep generation total 413536K, used 284328K [0x00000000d5550000, 0x00000000ee928000, 0x0000000100000000)
 Metaspace       used 934873K, capacity 951944K, committed 952380K, reserved 1880064K
  class space    used 116719K, capacity 122250K, committed 122368K, reserved 1048576K
}
Event: 6698.399 GC heap after
{Heap after GC invocations=520 (full 14):
 par new generation   total 39296K, used 4352K [0x00000000c0000000, 0x00000000c2aa0000, 0x00000000d5550000)
  eden space 34944K,   0% used [0x00000000c0000000, 0x00000000c0000000, 0x00000000c2220000)
  from space 4352K, 100% used [0x00000000c2220000, 0x00000000c2660000, 0x00000000c2660000)
  to   space 4352K,   0% used [0x00000000c2660000, 0x00000000c2660000, 0x00000000c2aa0000)
 concurrent mark-sweep generation total 413536K, used 284402K [0x00000000d5550000, 0x00000000ee928000, 0x0000000100000000)
 Metaspace       used 934873K, capacity 951944K, committed 952380K, reserved 1880064K
  class space    used 116719K, capacity 122250K, committed 122368K, reserved 1048576K
}
Event: 6699.858 GC heap before
{Heap before GC invocations=520 (full 14):
 par new generation   total 39296K, used 39296K [0x00000000c0000000, 0x00000000c2aa0000, 0x00000000d5550000)
  eden space 34944K, 100% used [0x00000000c0000000, 0x00000000c2220000, 0x00000000c2220000)
  from space 4352K, 100% used [0x00000000c2220000, 0x00000000c2660000, 0x00000000c2660000)
  to   space 4352K,   0% used [0x00000000c2660000, 0x00000000c2660000, 0x00000000c2aa0000)
 concurrent mark-sweep generation total 413536K, used 284402K [0x00000000d5550000, 0x00000000ee928000, 0x0000000100000000)
 Metaspace       used 945669K, capacity 962857K, committed 963388K, reserved 1894400K
  class space    used 117934K, capacity 123527K, committed 123648K, reserved 1048576K
}
Event: 6699.865 GC heap after
{Heap after GC invocations=521 (full 14):
 par new generation   total 39296K, used 4352K [0x00000000c0000000, 0x00000000c2aa0000, 0x00000000d5550000)
  eden space 34944K,   0% used [0x00000000c0000000, 0x00000000c0000000, 0x00000000c2220000)
  from space 4352K, 100% used [0x00000000c2660000, 0x00000000c2aa0000, 0x00000000c2aa0000)
  to   space 4352K,   0% used [0x00000000c2220000, 0x00000000c2220000, 0x00000000c2660000)
 concurrent mark-sweep generation total 413536K, used 286317K [0x00000000d5550000, 0x00000000ee928000, 0x0000000100000000)
 Metaspace       used 945669K, capacity 962857K, committed 963388K, reserved 1894400K
  class space    used 117934K, capacity 123527K, committed 123648K, reserved 1048576K
}
Event: 6755.852 GC heap before
{Heap before GC invocations=521 (full 14):
 par new generation   total 39296K, used 37856K [0x00000000c0000000, 0x00000000c2aa0000, 0x00000000d5550000)
  eden space 34944K,  95% used [0x00000000c0000000, 0x00000000c20b81f0, 0x00000000c2220000)
  from space 4352K, 100% used [0x00000000c2660000, 0x00000000c2aa0000, 0x00000000c2aa0000)
  to   space 4352K,   0% used [0x00000000c2220000, 0x00000000c2220000, 0x00000000c2660000)
 concurrent mark-sweep generation total 413536K, used 286317K [0x00000000d5550000, 0x00000000ee928000, 0x0000000100000000)
 Metaspace       used 950247K, capacity 967463K, committed 967868K, reserved 1900544K
  class space    used 118360K, capacity 123958K, committed 124032K, reserved 1048576K
}
Event: 6755.862 GC heap after
{Heap after GC invocations=522 (full 14):
 par new generation   total 39296K, used 4352K [0x00000000c0000000, 0x00000000c2aa0000, 0x00000000d5550000)
  eden space 34944K,   0% used [0x00000000c0000000, 0x00000000c0000000, 0x00000000c2220000)
  from space 4352K, 100% used [0x00000000c2220000, 0x00000000c2660000, 0x00000000c2660000)
  to   space 4352K,   0% used [0x00000000c2660000, 0x00000000c2660000, 0x00000000c2aa0000)
 concurrent mark-sweep generation total 413536K, used 291187K [0x00000000d5550000, 0x00000000ee928000, 0x0000000100000000)
 Metaspace       used 950247K, capacity 967463K, committed 967868K, reserved 1900544K
  class space    used 118360K, capacity 123958K, committed 124032K, reserved 1048576K
}
Event: 6757.533 GC heap before
{Heap before GC invocations=522 (full 14):
 par new generation   total 39296K, used 39296K [0x00000000c0000000, 0x00000000c2aa0000, 0x00000000d5550000)
  eden space 34944K, 100% used [0x00000000c0000000, 0x00000000c2220000, 0x00000000c2220000)
  from space 4352K, 100% used [0x00000000c2220000, 0x00000000c2660000, 0x00000000c2660000)
  to   space 4352K,   0% used [0x00000000c2660000, 0x00000000c2660000, 0x00000000c2aa0000)
 concurrent mark-sweep generation total 413536K, used 291187K [0x00000000d5550000, 0x00000000ee928000, 0x0000000100000000)
 Metaspace       used 950252K, capacity 967463K, committed 967868K, reserved 1900544K
  class space    used 118361K, capacity 123958K, committed 124032K, reserved 1048576K
}
Event: 6757.536 GC heap after
{Heap after GC invocations=523 (full 14):
 par new generation   total 39296K, used 1693K [0x00000000c0000000, 0x00000000c2aa0000, 0x00000000d5550000)
  eden space 34944K,   0% used [0x00000000c0000000, 0x00000000c0000000, 0x00000000c2220000)
  from space 4352K,  38% used [0x00000000c2660000, 0x00000000c2807448, 0x00000000c2aa0000)
  to   space 4352K,   0% used [0x00000000c2220000, 0x00000000c2220000, 0x00000000c2660000)
 concurrent mark-sweep generation total 413536K, used 292629K [0x00000000d5550000, 0x00000000ee928000, 0x0000000100000000)
 Metaspace       used 950252K, capacity 967463K, committed 967868K, reserved 1900544K
  class space    used 118361K, capacity 123958K, committed 124032K, reserved 1048576K
}
Event: 6762.051 GC heap before
{Heap before GC invocations=523 (full 14):
 par new generation   total 39296K, used 36637K [0x00000000c0000000, 0x00000000c2aa0000, 0x00000000d5550000)
  eden space 34944K, 100% used [0x00000000c0000000, 0x00000000c2220000, 0x00000000c2220000)
  from space 4352K,  38% used [0x00000000c2660000, 0x00000000c2807448, 0x00000000c2aa0000)
  to   space 4352K,   0% used [0x00000000c2220000, 0x00000000c2220000, 0x00000000c2660000)
 concurrent mark-sweep generation total 413536K, used 292629K [0x00000000d5550000, 0x00000000ee928000, 0x0000000100000000)
 Metaspace       used 950258K, capacity 967463K, committed 967868K, reserved 1900544K
  class space    used 118361K, capacity 123958K, committed 124032K, reserved 1048576K
}
Event: 6762.054 GC heap after
{Heap after GC invocations=524 (full 14):
 par new generation   total 39296K, used 1401K [0x00000000c0000000, 0x00000000c2aa0000, 0x00000000d5550000)
  eden space 34944K,   0% used [0x00000000c0000000, 0x00000000c0000000, 0x00000000c2220000)
  from space 4352K,  32% used [0x00000000c2220000, 0x00000000c237e690, 0x00000000c2660000)
  to   space 4352K,   0% used [0x00000000c2660000, 0x00000000c2660000, 0x00000000c2aa0000)
 concurrent mark-sweep generation total 413536K, used 292629K [0x00000000d5550000, 0x00000000ee928000, 0x0000000100000000)
 Metaspace       used 950258K, capacity 967463K, committed 967868K, reserved 1900544K
  class space    used 118361K, capacity 123958K, committed 124032K, reserved 1048576K
}
Event: 6762.529 GC heap before
{Heap before GC invocations=524 (full 14):
 par new generation   total 39296K, used 36345K [0x00000000c0000000, 0x00000000c2aa0000, 0x00000000d5550000)
  eden space 34944K, 100% used [0x00000000c0000000, 0x00000000c2220000, 0x00000000c2220000)
  from space 4352K,  32% used [0x00000000c2220000, 0x00000000c237e690, 0x00000000c2660000)
  to   space 4352K,   0% used [0x00000000c2660000, 0x00000000c2660000, 0x00000000c2aa0000)
 concurrent mark-sweep generation total 413536K, used 292629K [0x00000000d5550000, 0x00000000ee928000, 0x0000000100000000)
 Metaspace       used 952946K, capacity 970217K, committed 970684K, reserved 1902592K
  class space    used 118594K, capacity 124198K, committed 124288K, reserved 1048576K
}
Event: 6762.533 GC heap after
{Heap after GC invocations=525 (full 14):
 par new generation   total 39296K, used 4352K [0x00000000c0000000, 0x00000000c2aa0000, 0x00000000d5550000)
  eden space 34944K,   0% used [0x00000000c0000000, 0x00000000c0000000, 0x00000000c2220000)
  from space 4352K, 100% used [0x00000000c2660000, 0x00000000c2aa0000, 0x00000000c2aa0000)
  to   space 4352K,   0% used [0x00000000c2220000, 0x00000000c2220000, 0x00000000c2660000)
 concurrent mark-sweep generation total 413536K, used 293642K [0x00000000d5550000, 0x00000000ee928000, 0x0000000100000000)
 Metaspace       used 952946K, capacity 970217K, committed 970684K, reserved 1902592K
  class space    used 118594K, capacity 124198K, committed 124288K, reserved 1048576K
}

